<?xml version="1.0" encoding="UTF-8"?>
<testsuite name="de.kamillionlabs.hateofluxdemos.CookbookExamplesTest" tests="4" skipped="0" failures="0" errors="0" timestamp="2024-11-11T18:52:56" hostname="ADVANCED-MACRO-" time="0.467">
  <properties/>
  <testcase name="creating_a_halresourcewrapper_without_an_embedded_resource()" classname="de.kamillionlabs.hateofluxdemos.CookbookExamplesTest" time="0.185"/>
  <testcase name="using_an_assembler_to_create_a_hallistwrapper_with_embedded_resources()" classname="de.kamillionlabs.hateofluxdemos.CookbookExamplesTest" time="0.196"/>
  <testcase name="creating_a_hallistwrapper_with_pagination()" classname="de.kamillionlabs.hateofluxdemos.CookbookExamplesTest" time="0.011"/>
  <testcase name="creating_a_halresourcewrapper_with_an_embedded_resource()" classname="de.kamillionlabs.hateofluxdemos.CookbookExamplesTest" time="0.07"/>
  <system-out><![CDATA[]]></system-out>
  <system-err><![CDATA[]]></system-err>
</testsuite>
